[debug] [2025-02-08T07:53:49.117Z] ----------------------------------------------------------------------
[debug] [2025-02-08T07:53:49.122Z] Command:       C:\Program Files\nodejs\node.exe C:\Users\karth\AppData\Roaming\npm\node_modules\firebase-tools\lib\bin\firebase.js init
[debug] [2025-02-08T07:53:49.123Z] CLI Version:   13.30.0
[debug] [2025-02-08T07:53:49.123Z] Platform:      win32
[debug] [2025-02-08T07:53:49.123Z] Node Version:  v23.3.0
[debug] [2025-02-08T07:53:49.124Z] Time:          Sat Feb 08 2025 13:23:49 GMT+0530 (India Standard Time)
[debug] [2025-02-08T07:53:49.124Z] ----------------------------------------------------------------------
[debug] 
[debug] [2025-02-08T07:53:49.464Z] > command requires scopes: ["email","openid","https://www.googleapis.com/auth/cloudplatformprojects.readonly","https://www.googleapis.com/auth/firebase","https://www.googleapis.com/auth/cloud-platform"]
[debug] [2025-02-08T07:53:49.465Z] > authorizing via signed-in user (bommidikarthik07@gmail.com)
[info] 
     ######## #### ########  ######## ########     ###     ######  ########
     ##        ##  ##     ## ##       ##     ##  ##   ##  ##       ##
     ######    ##  ########  ######   ########  #########  ######  ######
     ##        ##  ##    ##  ##       ##     ## ##     ##       ## ##
     ##       #### ##     ## ######## ########  ##     ##  ######  ########

You're about to initialize a Firebase project in this directory:

  C:\Users\karth\OneDrive\Desktop\schedule

Before we get started, keep in mind:

  * You are initializing within an existing Firebase project directory

